<?xml version="1.0" encoding="UTF-8"?>
<!-- Generated by org.testng.reporters.JUnitXMLReporter -->
<testsuite ignored="0" hostname="DESKTOP-TGNG2QI" failures="0" tests="3" name="Default test" time="0.158" errors="0" timestamp="2024-08-22T12:23:11 IST">
  <testcase classname="TestNGDemo.ReportOrdering" name="ploraValidations" time="0.017"/>
  <testcase classname="TestNGDemo.ReportOrdering" name="reportoderingSUIAuto" time="0.006"/>
  <testcase classname="TestNGDemo.ReportOrdering" name="reportoderingSUIProp" time="0.007"/>
</testsuite> <!-- Default test -->
