<?xml version="1.0" encoding="UTF-8"?>
<!-- Generated by org.testng.reporters.JUnitXMLReporter -->
<testsuite ignored="0" hostname="DESKTOP-TGNG2QI" failures="0" tests="5" name="BI" time="0.043" errors="0" timestamp="2024-08-22T11:41:30 IST">
  <testcase classname="TestNGDemo.Gateway" name="ezylxImport" time="0.001"/>
  <testcase classname="TestNGDemo.Gateway" name="importQQQuote" time="0.001"/>
  <testcase classname="TestNGDemo.Gateway" name="importSUIQuote" time="0.003"/>
  <testcase classname="TestNGDemo.Gateway" name="isrFlow" time="0.002"/>
  <testcase classname="TestNGDemo.Gateway" name="pqsFlow" time="0.001"/>
</testsuite> <!-- BI -->
