<?xml version="1.0" encoding="UTF-8"?>
<!-- Generated by org.testng.reporters.JUnitXMLReporter -->
<testsuite ignored="0" hostname="DESKTOP-TGNG2QI" failures="0" tests="19" name="Test" time="0.321" errors="0" timestamp="2024-08-22T11:33:07 IST">
  <testcase classname="TestNGDemo.Tea" name="rateIssueOfAutoQuotes" time="0.016"/>
  <testcase classname="TestNGDemo.Eqote" name="ContentMigration" time="0.003"/>
  <testcase classname="TestNGDemo.Eqote" name="adminTool" time="0.003"/>
  <testcase classname="TestNGDemo.Eqote" name="utilities" time="0.002"/>
  <testcase classname="TestNGDemo.ReportOrdering" name="ploraValidations" time="0.005"/>
  <testcase classname="TestNGDemo.ReportOrdering" name="reportoderingSUIAuto" time="0.004"/>
  <testcase classname="TestNGDemo.ReportOrdering" name="reportoderingSUIProp" time="0.002"/>
  <testcase classname="TestNGDemo.TestNGDemo" name="testabb" time="0.001"/>
  <testcase classname="TestNGDemo.TestNGDemo" name="testabc" time="0.003"/>
  <testcase classname="TestNGDemo.SUI" name="IssueOfAutoQuotes" time="0.002"/>
  <testcase classname="TestNGDemo.SUI" name="IssueOfPropQuotes" time="0.002"/>
  <testcase classname="TestNGDemo.SUI" name="rateOfAutoQuotes" time="0.005"/>
  <testcase classname="TestNGDemo.SUI" name="rateOfPropQuotes" time="0.012"/>
  <testcase classname="TestNGDemo.QuickQuote" name="cbsAuto" time="0.005"/>
  <testcase classname="TestNGDemo.QuickQuote" name="cbsProp" time="0.001"/>
  <testcase classname="TestNGDemo.QuickQuote" name="cpsAuto" time="0.004"/>
  <testcase classname="TestNGDemo.QuickQuote" name="cpsProp" time="0.023"/>
  <testcase classname="TestNGDemo.QuickQuote" name="ecbiRenters" time="0.013"/>
  <testcase classname="TestNGDemo.QuickQuote" name="integratedFlows" time="0.006"/>
</testsuite> <!-- Test -->
