<?xml version="1.0" encoding="UTF-8"?>
<testng-results ignored="0" total="3" passed="3" failed="0" skipped="0">
  <reporter-output>
  </reporter-output>
  <suite started-at="2024-08-22T12:23:11 IST" name="Default suite" finished-at="2024-08-22T12:23:11 IST" duration-ms="158">
    <groups>
    </groups>
    <test started-at="2024-08-22T12:23:11 IST" name="Default test" finished-at="2024-08-22T12:23:11 IST" duration-ms="158">
      <class name="TestNGDemo.ReportOrdering">
        <test-method is-config="true" signature="luanchBrowsers()[pri:0, instance:TestNGDemo.ReportOrdering@156b88f5]" started-at="2024-08-22T12:23:11 IST" name="luanchBrowsers" finished-at="2024-08-22T12:23:11 IST" duration-ms="13" status="PASS">
          <reporter-output>
          </reporter-output>
        </test-method> <!-- luanchBrowsers -->
        <test-method is-config="true" signature="quitBrowsers()[pri:0, instance:TestNGDemo.ReportOrdering@156b88f5]" started-at="2024-08-22T12:23:11 IST" name="quitBrowsers" finished-at="2024-08-22T12:23:11 IST" duration-ms="3" status="PASS">
          <reporter-output>
          </reporter-output>
        </test-method> <!-- quitBrowsers -->
        <test-method is-config="true" signature="launchurl()[pri:0, instance:TestNGDemo.ReportOrdering@156b88f5]" started-at="2024-08-22T12:23:11 IST" name="launchurl" finished-at="2024-08-22T12:23:11 IST" duration-ms="3" status="PASS">
          <reporter-output>
          </reporter-output>
        </test-method> <!-- launchurl -->
        <test-method is-config="true" signature="tc1()[pri:0, instance:TestNGDemo.ReportOrdering@156b88f5]" started-at="2024-08-22T12:23:11 IST" name="tc1" finished-at="2024-08-22T12:23:11 IST" duration-ms="4" status="PASS">
          <reporter-output>
          </reporter-output>
        </test-method> <!-- tc1 -->
        <test-method signature="ploraValidations()[pri:0, instance:TestNGDemo.ReportOrdering@156b88f5]" started-at="2024-08-22T12:23:11 IST" name="ploraValidations" finished-at="2024-08-22T12:23:11 IST" duration-ms="17" status="PASS">
          <reporter-output>
          </reporter-output>
        </test-method> <!-- ploraValidations -->
        <test-method is-config="true" signature="endOfTC1()[pri:0, instance:TestNGDemo.ReportOrdering@156b88f5]" started-at="2024-08-22T12:23:11 IST" name="endOfTC1" finished-at="2024-08-22T12:23:11 IST" duration-ms="4" status="PASS">
          <reporter-output>
          </reporter-output>
        </test-method> <!-- endOfTC1 -->
        <test-method is-config="true" signature="tc1()[pri:0, instance:TestNGDemo.ReportOrdering@156b88f5]" started-at="2024-08-22T12:23:11 IST" name="tc1" finished-at="2024-08-22T12:23:11 IST" duration-ms="19" status="PASS">
          <reporter-output>
          </reporter-output>
        </test-method> <!-- tc1 -->
        <test-method signature="reportoderingSUIAuto()[pri:0, instance:TestNGDemo.ReportOrdering@156b88f5]" started-at="2024-08-22T12:23:11 IST" name="reportoderingSUIAuto" finished-at="2024-08-22T12:23:11 IST" duration-ms="6" status="PASS">
          <reporter-output>
          </reporter-output>
        </test-method> <!-- reportoderingSUIAuto -->
        <test-method is-config="true" signature="endOfTC1()[pri:0, instance:TestNGDemo.ReportOrdering@156b88f5]" started-at="2024-08-22T12:23:11 IST" name="endOfTC1" finished-at="2024-08-22T12:23:11 IST" duration-ms="2" status="PASS">
          <reporter-output>
          </reporter-output>
        </test-method> <!-- endOfTC1 -->
        <test-method is-config="true" signature="tc1()[pri:0, instance:TestNGDemo.ReportOrdering@156b88f5]" started-at="2024-08-22T12:23:11 IST" name="tc1" finished-at="2024-08-22T12:23:11 IST" duration-ms="4" status="PASS">
          <reporter-output>
          </reporter-output>
        </test-method> <!-- tc1 -->
        <test-method signature="reportoderingSUIProp()[pri:0, instance:TestNGDemo.ReportOrdering@156b88f5]" started-at="2024-08-22T12:23:11 IST" name="reportoderingSUIProp" finished-at="2024-08-22T12:23:11 IST" duration-ms="7" status="PASS">
          <reporter-output>
          </reporter-output>
        </test-method> <!-- reportoderingSUIProp -->
        <test-method is-config="true" signature="endOfTC1()[pri:0, instance:TestNGDemo.ReportOrdering@156b88f5]" started-at="2024-08-22T12:23:11 IST" name="endOfTC1" finished-at="2024-08-22T12:23:11 IST" duration-ms="2" status="PASS">
          <reporter-output>
          </reporter-output>
        </test-method> <!-- endOfTC1 -->
        <test-method is-config="true" signature="closeBrowser()[pri:0, instance:TestNGDemo.ReportOrdering@156b88f5]" started-at="2024-08-22T12:23:11 IST" name="closeBrowser" finished-at="2024-08-22T12:23:11 IST" duration-ms="2" status="PASS">
          <reporter-output>
          </reporter-output>
        </test-method> <!-- closeBrowser -->
      </class> <!-- TestNGDemo.ReportOrdering -->
    </test> <!-- Default test -->
  </suite> <!-- Default suite -->
</testng-results>
